#! /usr/bin/vvp
:ivl_version "12.0 (stable)";
:ivl_delay_selection "TYPICAL";
:vpi_time_precision - 12;
:vpi_module "/usr/lib/x86_64-linux-gnu/ivl/system.vpi";
:vpi_module "/usr/lib/x86_64-linux-gnu/ivl/vhdl_sys.vpi";
:vpi_module "/usr/lib/x86_64-linux-gnu/ivl/vhdl_textio.vpi";
:vpi_module "/usr/lib/x86_64-linux-gnu/ivl/v2005_math.vpi";
:vpi_module "/usr/lib/x86_64-linux-gnu/ivl/va_math.vpi";
:vpi_module "/usr/lib/x86_64-linux-gnu/ivl/v2009.vpi";
S_0x55c089f7f8b0 .scope package, "$unit" "$unit" 2 1;
 .timescale 0 0;
S_0x55c089f90f30 .scope module, "testbench" "testbench" 3 5;
 .timescale -9 -12;
P_0x55c089f910c0 .param/l "IDLE" 1 3 53, +C4<00000000000000000000000000000001>;
P_0x55c089f91100 .param/l "INIT" 1 3 52, +C4<00000000000000000000000000000000>;
P_0x55c089f91140 .param/l "SRC_FREQ" 1 3 35, +C4<00000000000000010010110000000000>;
P_0x55c089f91180 .param/l "START" 1 3 54, +C4<00000000000000000000000000000010>;
P_0x55c089f911c0 .param/l "STOP" 1 3 56, +C4<00000000000000000000000000000100>;
P_0x55c089f91200 .param/l "TX_DATA" 1 3 55, +C4<00000000000000000000000000000011>;
P_0x55c089f91240 .param/l "TX_DATA_VALUE" 0 3 7, C4<10101011>;
P_0x55c089f91280 .param/l "TX_FREQ" 1 3 36, +C4<00000000000000000010010110000000>;
v0x55c089fb9ae0_0 .var "Clk", 0 0;
v0x55c089fb9ba0_0 .var/i "bit_count", 31 0;
v0x55c089fb9c80_0 .var/i "clock_multiplier", 31 0;
v0x55c089fb9d40_0 .var "pass", 0 0;
v0x55c089fb9e00_0 .var/i "ready_count", 31 0;
v0x55c089fb9f30_0 .var "rx_clk", 0 0;
v0x55c089fb9ff0_0 .net "rx_data", 7 0, v0x55c089fb91a0_0;  1 drivers
v0x55c089fba0b0_0 .var "rx_data_correct", 0 0;
v0x55c089fba150_0 .net "rx_ready", 0 0, v0x55c089fb9730_0;  1 drivers
v0x55c089fba1f0_0 .var "start_tx", 0 0;
v0x55c089fba290_0 .var/i "state", 31 0;
v0x55c089fba370_0 .var/i "tick_count", 31 0;
v0x55c089fba450_0 .var "tx", 0 0;
v0x55c089fba520_0 .var "tx_data", 7 0;
E_0x55c089f85a40 .event posedge, v0x55c089fb9f30_0;
S_0x55c089f87800 .scope module, "uut" "uart_rx" 3 17, 4 3 0, S_0x55c089f90f30;
 .timescale -9 -12;
    .port_info 0 /INPUT 1 "clk";
    .port_info 1 /INPUT 1 "rx";
    .port_info 2 /OUTPUT 1 "rx_ready";
    .port_info 3 /OUTPUT 8 "rx_data";
P_0x55c089f87990 .param/l "BAUDRATE" 0 4 11, +C4<00000000000000000010010110000000>;
P_0x55c089f879d0 .param/l "DATA_BITS" 1 4 14, +C4<00000000000000000000000000001000>;
P_0x55c089f87a10 .param/l "IDLE" 1 4 17, +C4<00000000000000000000000000000001>;
P_0x55c089f87a50 .param/l "INIT" 1 4 16, +C4<00000000000000000000000000000000>;
P_0x55c089f87a90 .param/l "RX_DATA" 1 4 18, +C4<00000000000000000000000000000010>;
P_0x55c089f87ad0 .param/l "SRC_FREQ" 0 4 10, +C4<00000000000000010010110000000000>;
P_0x55c089f87b10 .param/l "STOP" 1 4 19, +C4<00000000000000000000000000000011>;
v0x55c089fb8f30_0 .var "bit_count", 2 0;
v0x55c089fb9010_0 .net "clk", 0 0, v0x55c089fb9ae0_0;  1 drivers
v0x55c089fb90d0_0 .net "rx", 0 0, v0x55c089fba450_0;  1 drivers
v0x55c089fb91a0_0 .var "rx_data", 7 0;
v0x55c089fb9240_0 .var "rx_data_src", 7 0;
v0x55c089fb9370_0 .var "rx_data_valid_src", 0 0;
v0x55c089fb9430_0 .var "rx_data_valid_sync0", 0 0;
v0x55c089fb94f0_0 .var "rx_data_valid_sync1", 0 0;
v0x55c089fb95b0_0 .var "rx_data_valid_sync2", 0 0;
v0x55c089fb9670_0 .var "rx_data_valid_sync3", 0 0;
v0x55c089fb9730_0 .var "rx_ready", 0 0;
v0x55c089fb97f0_0 .var "rx_shift", 7 0;
v0x55c089fb98d0_0 .var "state", 2 0;
v0x55c089fb99b0_0 .net "uart_clk", 0 0, L_0x55c089f7eed0;  1 drivers
E_0x55c089f4be90 .event posedge, v0x55c089fb8b60_0;
S_0x55c089f4b490 .scope module, "clkm" "clock_mul" 4 26, 5 1 0, S_0x55c089f87800;
 .timescale -9 -12;
    .port_info 0 /INPUT 1 "src_clk";
    .port_info 1 /OUTPUT 1 "out_clk";
P_0x55c089f8c140 .param/l "OUT_FREQ" 0 5 3, +C4<00000000000000000010010110000000>;
P_0x55c089f8c180 .param/l "SRC_FREQ" 0 5 2, +C4<00000000000000010010110000000000>;
L_0x55c089f7eed0 .functor BUFZ 1, v0x55c089fb8c20_0, C4<0>, C4<0>, C4<0>;
v0x55c089f7c6c0_0 .var/i "clock_multiplier", 31 0;
v0x55c089f7f030_0 .var/i "offset", 31 0;
v0x55c089f78f80_0 .var/i "offset_count", 31 0;
v0x55c089fb8b60_0 .net "out_clk", 0 0, L_0x55c089f7eed0;  alias, 1 drivers
v0x55c089fb8c20_0 .var "out_clk_reg", 0 0;
v0x55c089fb8d30_0 .net "src_clk", 0 0, v0x55c089fb9ae0_0;  alias, 1 drivers
v0x55c089fb8df0_0 .var/i "tick_count", 31 0;
E_0x55c089f4bc00 .event posedge, v0x55c089fb8d30_0;
    .scope S_0x55c089f4b490;
T_0 ;
    %pushi/vec4 0, 0, 1;
    %store/vec4 v0x55c089fb8c20_0, 0, 1;
    %pushi/vec4 4, 0, 32;
    %store/vec4 v0x55c089f7c6c0_0, 0, 32;
    %pushi/vec4 1, 0, 32;
    %store/vec4 v0x55c089f7f030_0, 0, 32;
    %pushi/vec4 0, 0, 32;
    %store/vec4 v0x55c089fb8df0_0, 0, 32;
    %pushi/vec4 0, 0, 32;
    %store/vec4 v0x55c089f78f80_0, 0, 32;
    %end;
    .thread T_0, $init;
    .scope S_0x55c089f4b490;
T_1 ;
    %wait E_0x55c089f4bc00;
    %load/vec4 v0x55c089f78f80_0;
    %load/vec4 v0x55c089f7f030_0;
    %cmp/s;
    %jmp/0xz  T_1.0, 5;
    %load/vec4 v0x55c089f78f80_0;
    %addi 1, 0, 32;
    %assign/vec4 v0x55c089f78f80_0, 0;
    %jmp T_1.1;
T_1.0 ;
    %load/vec4 v0x55c089f7c6c0_0;
    %load/vec4 v0x55c089fb8df0_0;
    %cmp/s;
    %flag_or 5, 4;
    %jmp/0xz  T_1.2, 5;
    %pushi/vec4 0, 0, 32;
    %assign/vec4 v0x55c089fb8df0_0, 0;
    %load/vec4 v0x55c089fb8c20_0;
    %inv;
    %assign/vec4 v0x55c089fb8c20_0, 0;
    %jmp T_1.3;
T_1.2 ;
    %load/vec4 v0x55c089fb8df0_0;
    %addi 1, 0, 32;
    %assign/vec4 v0x55c089fb8df0_0, 0;
T_1.3 ;
T_1.1 ;
    %jmp T_1;
    .thread T_1;
    .scope S_0x55c089f87800;
T_2 ;
    %pushi/vec4 0, 0, 3;
    %store/vec4 v0x55c089fb98d0_0, 0, 3;
    %pushi/vec4 0, 0, 3;
    %store/vec4 v0x55c089fb8f30_0, 0, 3;
    %pushi/vec4 0, 0, 8;
    %store/vec4 v0x55c089fb97f0_0, 0, 8;
    %pushi/vec4 0, 0, 8;
    %store/vec4 v0x55c089fb9240_0, 0, 8;
    %pushi/vec4 0, 0, 1;
    %store/vec4 v0x55c089fb9370_0, 0, 1;
    %pushi/vec4 0, 0, 1;
    %store/vec4 v0x55c089fb9430_0, 0, 1;
    %pushi/vec4 0, 0, 1;
    %store/vec4 v0x55c089fb94f0_0, 0, 1;
    %pushi/vec4 0, 0, 1;
    %store/vec4 v0x55c089fb95b0_0, 0, 1;
    %pushi/vec4 0, 0, 1;
    %store/vec4 v0x55c089fb9670_0, 0, 1;
    %end;
    .thread T_2, $init;
    .scope S_0x55c089f87800;
T_3 ;
    %wait E_0x55c089f4bc00;
    %load/vec4 v0x55c089fb9370_0;
    %assign/vec4 v0x55c089fb9430_0, 0;
    %load/vec4 v0x55c089fb9430_0;
    %assign/vec4 v0x55c089fb94f0_0, 0;
    %load/vec4 v0x55c089fb94f0_0;
    %assign/vec4 v0x55c089fb95b0_0, 0;
    %load/vec4 v0x55c089fb95b0_0;
    %assign/vec4 v0x55c089fb9670_0, 0;
    %load/vec4 v0x55c089fb9240_0;
    %assign/vec4 v0x55c089fb91a0_0, 0;
    %load/vec4 v0x55c089fb95b0_0;
    %load/vec4 v0x55c089fb9670_0;
    %inv;
    %and;
    %assign/vec4 v0x55c089fb9730_0, 0;
    %jmp T_3;
    .thread T_3;
    .scope S_0x55c089f87800;
T_4 ;
    %wait E_0x55c089f4be90;
    %pushi/vec4 0, 0, 1;
    %assign/vec4 v0x55c089fb9370_0, 0;
    %load/vec4 v0x55c089fb98d0_0;
    %dup/vec4;
    %pushi/vec4 0, 0, 3;
    %cmp/u;
    %jmp/1 T_4.0, 6;
    %dup/vec4;
    %pushi/vec4 1, 0, 3;
    %cmp/u;
    %jmp/1 T_4.1, 6;
    %dup/vec4;
    %pushi/vec4 2, 0, 3;
    %cmp/u;
    %jmp/1 T_4.2, 6;
    %dup/vec4;
    %pushi/vec4 3, 0, 3;
    %cmp/u;
    %jmp/1 T_4.3, 6;
    %jmp T_4.4;
T_4.0 ;
    %pushi/vec4 0, 0, 3;
    %assign/vec4 v0x55c089fb8f30_0, 0;
    %pushi/vec4 1, 0, 3;
    %assign/vec4 v0x55c089fb98d0_0, 0;
    %jmp T_4.4;
T_4.1 ;
    %load/vec4 v0x55c089fb90d0_0;
    %cmpi/e 0, 0, 1;
    %jmp/0xz  T_4.5, 4;
    %pushi/vec4 2, 0, 3;
    %assign/vec4 v0x55c089fb98d0_0, 0;
T_4.5 ;
    %jmp T_4.4;
T_4.2 ;
    %load/vec4 v0x55c089fb90d0_0;
    %ix/load 5, 0, 0;
    %ix/getv 4, v0x55c089fb8f30_0;
    %assign/vec4/off/d v0x55c089fb97f0_0, 4, 5;
    %load/vec4 v0x55c089fb8f30_0;
    %pad/u 32;
    %cmpi/e 7, 0, 32;
    %jmp/0xz  T_4.7, 4;
    %pushi/vec4 3, 0, 3;
    %assign/vec4 v0x55c089fb98d0_0, 0;
    %jmp T_4.8;
T_4.7 ;
    %load/vec4 v0x55c089fb8f30_0;
    %addi 1, 0, 3;
    %assign/vec4 v0x55c089fb8f30_0, 0;
T_4.8 ;
    %jmp T_4.4;
T_4.3 ;
    %load/vec4 v0x55c089fb90d0_0;
    %cmpi/e 1, 0, 1;
    %jmp/0xz  T_4.9, 4;
    %load/vec4 v0x55c089fb97f0_0;
    %assign/vec4 v0x55c089fb9240_0, 0;
    %pushi/vec4 1, 0, 1;
    %assign/vec4 v0x55c089fb9370_0, 0;
T_4.9 ;
    %pushi/vec4 0, 0, 3;
    %assign/vec4 v0x55c089fb8f30_0, 0;
    %pushi/vec4 1, 0, 3;
    %assign/vec4 v0x55c089fb98d0_0, 0;
    %jmp T_4.4;
T_4.4 ;
    %pop/vec4 1;
    %jmp T_4;
    .thread T_4;
    .scope S_0x55c089f90f30;
T_5 ;
    %pushi/vec4 4, 0, 32;
    %store/vec4 v0x55c089fb9c80_0, 0, 32;
    %pushi/vec4 0, 0, 32;
    %store/vec4 v0x55c089fba370_0, 0, 32;
    %pushi/vec4 0, 0, 1;
    %store/vec4 v0x55c089fb9f30_0, 0, 1;
    %pushi/vec4 0, 0, 32;
    %store/vec4 v0x55c089fba290_0, 0, 32;
    %pushi/vec4 0, 0, 1;
    %store/vec4 v0x55c089fba1f0_0, 0, 1;
    %pushi/vec4 0, 0, 32;
    %store/vec4 v0x55c089fb9e00_0, 0, 32;
    %pushi/vec4 0, 0, 1;
    %store/vec4 v0x55c089fba0b0_0, 0, 1;
    %end;
    .thread T_5, $init;
    .scope S_0x55c089f90f30;
T_6 ;
    %vpi_call/w 3 21 "$dumpfile", "tb.vcd" {0 0 0};
    %vpi_call/w 3 22 "$dumpvars", 32'sb00000000000000000000000000000000, S_0x55c089f90f30 {0 0 0};
    %pushi/vec4 0, 0, 1;
    %store/vec4 v0x55c089fb9d40_0, 0, 1;
    %pushi/vec4 0, 0, 1;
    %store/vec4 v0x55c089fb9ae0_0, 0, 1;
T_6.0 ;
    %delay 10000, 0;
    %load/vec4 v0x55c089fb9ae0_0;
    %inv;
    %store/vec4 v0x55c089fb9ae0_0, 0, 1;
    %jmp T_6.0;
    %end;
    .thread T_6;
    .scope S_0x55c089f90f30;
T_7 ;
    %wait E_0x55c089f4bc00;
    %load/vec4 v0x55c089fb9c80_0;
    %load/vec4 v0x55c089fba370_0;
    %cmp/s;
    %flag_or 5, 4;
    %jmp/0xz  T_7.0, 5;
    %pushi/vec4 0, 0, 32;
    %assign/vec4 v0x55c089fba370_0, 0;
    %load/vec4 v0x55c089fb9f30_0;
    %inv;
    %assign/vec4 v0x55c089fb9f30_0, 0;
    %jmp T_7.1;
T_7.0 ;
    %load/vec4 v0x55c089fba370_0;
    %addi 1, 0, 32;
    %assign/vec4 v0x55c089fba370_0, 0;
T_7.1 ;
    %jmp T_7;
    .thread T_7;
    .scope S_0x55c089f90f30;
T_8 ;
    %wait E_0x55c089f85a40;
    %load/vec4 v0x55c089fba290_0;
    %dup/vec4;
    %pushi/vec4 0, 0, 32;
    %cmp/u;
    %jmp/1 T_8.0, 6;
    %dup/vec4;
    %pushi/vec4 1, 0, 32;
    %cmp/u;
    %jmp/1 T_8.1, 6;
    %dup/vec4;
    %pushi/vec4 2, 0, 32;
    %cmp/u;
    %jmp/1 T_8.2, 6;
    %dup/vec4;
    %pushi/vec4 3, 0, 32;
    %cmp/u;
    %jmp/1 T_8.3, 6;
    %dup/vec4;
    %pushi/vec4 4, 0, 32;
    %cmp/u;
    %jmp/1 T_8.4, 6;
    %jmp T_8.5;
T_8.0 ;
    %pushi/vec4 1, 0, 1;
    %assign/vec4 v0x55c089fba450_0, 0;
    %pushi/vec4 0, 0, 32;
    %assign/vec4 v0x55c089fb9ba0_0, 0;
    %pushi/vec4 171, 0, 8;
    %assign/vec4 v0x55c089fba520_0, 0;
    %pushi/vec4 1, 0, 32;
    %assign/vec4 v0x55c089fba290_0, 0;
    %jmp T_8.5;
T_8.1 ;
    %load/vec4 v0x55c089fba1f0_0;
    %flag_set/vec4 8;
    %jmp/0xz  T_8.6, 8;
    %pushi/vec4 2, 0, 32;
    %assign/vec4 v0x55c089fba290_0, 0;
T_8.6 ;
    %jmp T_8.5;
T_8.2 ;
    %pushi/vec4 0, 0, 1;
    %assign/vec4 v0x55c089fba450_0, 0;
    %pushi/vec4 0, 0, 1;
    %assign/vec4 v0x55c089fba1f0_0, 0;
    %pushi/vec4 3, 0, 32;
    %assign/vec4 v0x55c089fba290_0, 0;
    %jmp T_8.5;
T_8.3 ;
    %load/vec4 v0x55c089fb9ba0_0;
    %cmpi/s 8, 0, 32;
    %jmp/0xz  T_8.8, 5;
    %load/vec4 v0x55c089fba520_0;
    %load/vec4 v0x55c089fb9ba0_0;
    %part/s 1;
    %assign/vec4 v0x55c089fba450_0, 0;
    %load/vec4 v0x55c089fb9ba0_0;
    %addi 1, 0, 32;
    %assign/vec4 v0x55c089fb9ba0_0, 0;
    %jmp T_8.9;
T_8.8 ;
    %pushi/vec4 4, 0, 32;
    %assign/vec4 v0x55c089fba290_0, 0;
T_8.9 ;
    %jmp T_8.5;
T_8.4 ;
    %pushi/vec4 1, 0, 1;
    %assign/vec4 v0x55c089fba450_0, 0;
    %pushi/vec4 1, 0, 32;
    %assign/vec4 v0x55c089fba290_0, 0;
    %jmp T_8.5;
T_8.5 ;
    %pop/vec4 1;
    %jmp T_8;
    .thread T_8;
    .scope S_0x55c089f90f30;
T_9 ;
    %wait E_0x55c089f4bc00;
    %load/vec4 v0x55c089fba150_0;
    %flag_set/vec4 8;
    %jmp/0xz  T_9.0, 8;
    %load/vec4 v0x55c089fb9e00_0;
    %addi 1, 0, 32;
    %assign/vec4 v0x55c089fb9e00_0, 0;
    %load/vec4 v0x55c089fb9ff0_0;
    %pushi/vec4 171, 0, 8;
    %cmp/e;
    %flag_get/vec4 4;
    %assign/vec4 v0x55c089fba0b0_0, 0;
T_9.0 ;
    %load/vec4 v0x55c089fb9e00_0;
    %cmpi/e 1, 0, 32;
    %flag_get/vec4 4;
    %jmp/0 T_9.2, 4;
    %load/vec4 v0x55c089fba0b0_0;
    %and;
T_9.2;
    %assign/vec4 v0x55c089fb9d40_0, 0;
    %jmp T_9;
    .thread T_9;
    .scope S_0x55c089f90f30;
T_10 ;
    %delay 500000, 0;
    %pushi/vec4 1, 0, 1;
    %assign/vec4 v0x55c089fba1f0_0, 0;
    %delay 3000000, 0;
    %load/vec4 v0x55c089fb9d40_0;
    %flag_set/vec4 8;
    %jmp/0xz  T_10.0, 8;
    %vpi_call/w 3 116 "$display", "Tests Passed!" {0 0 0};
    %jmp T_10.1;
T_10.0 ;
    %vpi_call/w 3 118 "$display", "Failed tests" {0 0 0};
T_10.1 ;
    %vpi_call/w 3 122 "$finish" {0 0 0};
    %end;
    .thread T_10;
# The file index is used to find the file name in the following table.
:file_names 6;
    "N/A";
    "<interactive>";
    "-";
    "testbench.sv";
    "./uart_rx.sv";
    "./clock_mul.sv";
